<?xml version="1.0" encoding="UTF-8"?>
<!-- Generated by org.testng.reporters.JUnitXMLReporter -->
<testsuite ignored="0" hostname="LAPTOP-ODIK6SBS" failures="0" tests="3" name="Default test" time="18.646" errors="0" timestamp="14 Nov 2023 01:16:22 GMT">
  <testcase classname="Package.mobileAutomation.addRemoveApp" name="mainActivityPage" time="7.56"/>
  <testcase classname="Package.mobileAutomation.addRemoveApp" name="productAddToCart" time="1.162"/>
  <testcase classname="Package.mobileAutomation.addRemoveApp" name="cartPage" time="2.766"/>
</testsuite> <!-- Default test -->
