<?xml version="1.0" encoding="UTF-8"?>
<testng-results ignored="0" total="1" passed="1" failed="0" skipped="0">
  <reporter-output>
  </reporter-output>
  <suite started-at="2023-11-11T00:47:00Z" name="Default suite" finished-at="2023-11-11T00:47:15Z" duration-ms="15588">
    <groups>
    </groups>
    <test started-at="2023-11-11T00:47:00Z" name="Default test" finished-at="2023-11-11T00:47:15Z" duration-ms="15588">
      <class name="Package.mobileAutomation.addRemoveApp">
        <test-method is-config="true" signature="start()[pri:0, instance:Package.mobileAutomation.addRemoveApp@6bc407fd]" started-at="2023-11-11T06:47:00Z" name="start" finished-at="2023-11-11T06:47:08Z" duration-ms="8363" status="PASS">
          <reporter-output>
          </reporter-output>
        </test-method> <!-- start -->
        <test-method signature="mainActivityPage()[pri:0, instance:Package.mobileAutomation.addRemoveApp@6bc407fd]" started-at="2023-11-11T06:47:08Z" name="mainActivityPage" finished-at="2023-11-11T06:47:15Z" duration-ms="6534" status="PASS">
          <reporter-output>
          </reporter-output>
        </test-method> <!-- mainActivityPage -->
        <test-method is-config="true" signature="removeApp()[pri:0, instance:Package.mobileAutomation.addRemoveApp@6bc407fd]" started-at="2023-11-11T06:47:15Z" name="removeApp" finished-at="2023-11-11T06:47:15Z" duration-ms="681" status="PASS">
          <reporter-output>
          </reporter-output>
        </test-method> <!-- removeApp -->
      </class> <!-- Package.mobileAutomation.addRemoveApp -->
    </test> <!-- Default test -->
  </suite> <!-- Default suite -->
</testng-results>
