<?xml version="1.0" encoding="UTF-8"?>
<testng-results ignored="0" total="3" passed="3" failed="0" skipped="0">
  <reporter-output>
  </reporter-output>
  <suite started-at="2023-11-14T01:16:03Z" name="Default suite" finished-at="2023-11-14T01:16:22Z" duration-ms="18646">
    <groups>
    </groups>
    <test started-at="2023-11-14T01:16:03Z" name="Default test" finished-at="2023-11-14T01:16:22Z" duration-ms="18646">
      <class name="Package.mobileAutomation.addRemoveApp">
        <test-method is-config="true" signature="start()[pri:0, instance:Package.mobileAutomation.addRemoveApp@291f18]" started-at="2023-11-14T07:16:03Z" name="start" finished-at="2023-11-14T07:16:10Z" duration-ms="6543" status="PASS">
          <reporter-output>
          </reporter-output>
        </test-method> <!-- start -->
        <test-method signature="mainActivityPage()[pri:0, instance:Package.mobileAutomation.addRemoveApp@291f18]" started-at="2023-11-14T07:16:10Z" name="mainActivityPage" finished-at="2023-11-14T07:16:17Z" duration-ms="7560" status="PASS">
          <reporter-output>
          </reporter-output>
        </test-method> <!-- mainActivityPage -->
        <test-method signature="productAddToCart()[pri:1, instance:Package.mobileAutomation.addRemoveApp@291f18]" started-at="2023-11-14T07:16:17Z" name="productAddToCart" finished-at="2023-11-14T07:16:18Z" duration-ms="1162" status="PASS">
          <reporter-output>
          </reporter-output>
        </test-method> <!-- productAddToCart -->
        <test-method signature="cartPage()[pri:2, instance:Package.mobileAutomation.addRemoveApp@291f18]" started-at="2023-11-14T07:16:18Z" name="cartPage" finished-at="2023-11-14T07:16:21Z" duration-ms="2766" status="PASS">
          <reporter-output>
          </reporter-output>
        </test-method> <!-- cartPage -->
        <test-method is-config="true" signature="removeApp()[pri:0, instance:Package.mobileAutomation.addRemoveApp@291f18]" started-at="2023-11-14T07:16:21Z" name="removeApp" finished-at="2023-11-14T07:16:22Z" duration-ms="593" status="PASS">
          <reporter-output>
          </reporter-output>
        </test-method> <!-- removeApp -->
      </class> <!-- Package.mobileAutomation.addRemoveApp -->
    </test> <!-- Default test -->
  </suite> <!-- Default suite -->
</testng-results>
